SF:lib/domain/todo.dart
DA:6,6
DA:12,3
DA:13,24
DA:15,1
DA:18,1
DA:19,3
DA:20,3
DA:21,3
DA:22,3
DA:24,2
DA:25,1
DA:26,1
DA:27,0
DA:30,0
DA:32,0
LF:15
LH:12
end_of_record
SF:lib/widgets/todo_item.dart
DA:10,6
DA:16,6
DA:18,6
DA:19,6
DA:20,6
DA:21,6
DA:22,12
DA:23,12
DA:28,6
DA:29,4
DA:30,6
DA:31,12
DA:32,24
LF:13
LH:13
end_of_record
SF:lib/data/todo_repository.dart
DA:13,1
DA:14,2
DA:15,2
DA:16,4
DA:17,1
DA:20,0
DA:21,0
DA:22,0
DA:24,0
DA:25,0
DA:30,21
DA:32,0
DA:33,0
DA:34,0
DA:37,0
DA:38,0
DA:39,0
DA:40,0
DA:41,0
DA:44,0
DA:49,0
DA:50,0
DA:51,0
DA:52,0
DA:54,0
DA:57,0
DA:60,1
DA:61,5
DA:62,0
LF:29
LH:8
end_of_record
SF:lib/di.dart
DA:4,9
LF:1
LH:1
end_of_record
SF:lib/widgets/todo_page.dart
DA:9,3
DA:11,3
DA:12,3
DA:21,3
DA:23,3
DA:25,3
DA:26,3
DA:27,9
DA:28,9
DA:30,3
DA:32,3
DA:33,6
DA:34,3
DA:35,6
DA:36,3
DA:37,0
DA:38,3
DA:39,3
DA:40,3
DA:41,3
DA:42,4
DA:43,3
DA:45,9
DA:46,3
DA:52,3
DA:54,3
DA:62,3
DA:64,3
DA:65,12
DA:66,9
DA:69,0
DA:70,0
DA:71,0
DA:72,0
DA:73,0
DA:74,0
DA:75,0
DA:76,0
DA:83,1
DA:84,1
DA:85,0
DA:87,2
DA:90,2
DA:91,4
DA:92,1
DA:96,15
LF:46
LH:36
end_of_record
