SF:lib/domain/todo_model.dart
DA:8,19
DA:14,4
DA:15,32
DA:17,2
DA:20,2
DA:21,6
DA:22,6
DA:23,3
DA:24,3
DA:26,4
DA:27,2
DA:28,2
DA:29,0
DA:32,0
DA:34,0
LF:15
LH:12
end_of_record
SF:lib/widgets/todo_item.dart
DA:10,6
DA:16,6
DA:18,6
DA:19,6
DA:20,6
DA:21,6
DA:22,12
DA:23,12
DA:28,6
DA:29,4
DA:30,6
DA:31,12
DA:32,24
LF:13
LH:13
end_of_record
SF:lib/data/todo_repository.dart
DA:15,28
DA:18,1
DA:19,1
DA:20,3
DA:22,2
DA:23,2
DA:29,1
DA:30,1
DA:31,7
DA:35,2
DA:36,4
DA:37,4
DA:38,8
DA:39,2
DA:43,1
DA:44,2
DA:45,2
DA:46,4
DA:47,1
DA:51,0
DA:56,0
DA:57,0
DA:58,0
DA:59,0
DA:61,0
DA:64,0
DA:68,2
DA:69,10
DA:70,2
DA:78,1
DA:80,0
DA:81,0
LF:32
LH:23
end_of_record
SF:lib/di.dart
DA:4,12
LF:1
LH:1
end_of_record
SF:lib/widgets/todo_page.dart
DA:9,3
DA:11,3
DA:12,3
DA:21,3
DA:23,3
DA:24,12
DA:25,9
DA:28,3
DA:30,3
DA:32,3
DA:33,3
DA:34,9
DA:35,9
DA:37,3
DA:39,3
DA:40,6
DA:41,3
DA:42,6
DA:43,3
DA:44,0
DA:45,3
DA:46,3
DA:47,3
DA:48,3
DA:49,4
DA:50,3
DA:52,9
DA:53,3
DA:59,3
DA:61,3
DA:69,0
DA:70,0
DA:71,0
DA:72,0
DA:73,0
DA:74,0
DA:75,0
DA:76,0
DA:83,1
DA:84,1
DA:85,0
DA:87,2
DA:90,2
DA:91,4
DA:92,1
DA:96,15
LF:46
LH:36
end_of_record
